        -:    0:Source:/home/ian/projects/libzen/src/bitset.c
        -:    0:Graph:build/src/CMakeFiles/zenit.dir/bitset.c.gcno
        -:    0:Data:build/src/CMakeFiles/zenit.dir/bitset.c.gcda
        -:    0:Runs:2
        -:    1://
        -:    2://    LibZenit
        -:    3://    Copyright (C) 2026  Ian Torres
        -:    4://
        -:    5://    This program is free software: you can redistribute it and/or modify
        -:    6://    it under the terms of the GNU Affero General Public License version 3
        -:    7://    as published by the Free Software Foundation.
        -:    8://
        -:    9://    This program is distributed in the hope that it will be useful,
        -:   10://    but WITHOUT ANY WARRANTY; without even the implied warranty of
        -:   11://    MERCHANTABILITY or FITNESS FOR A PARTICULAR PURPOSE.  See the
        -:   12://    GNU Affero General Public License for more details.
        -:   13://
        -:   14://    You should have received a copy of the GNU Affero General Public License
        -:   15://    along with this program.  If not, see <https://www.gnu.org/licenses/>.
        -:   16://
        -:   17:
        -:   18:#include <libzenit/bitset.h>
        -:   19:#include <libzenit/allocator.h>
        -:   20:#include <stdlib.h>
        -:   21:#include <string.h>
        -:   22:
        -:   23:/**
        -:   24: * @brief Internal bitset state.
        -:   25: *
        -:   26: * Bits are stored in a contiguous byte array.  Byte @c i holds bits
        -:   27: * @c i*8 … i*8+7, with bit 0 being the least significant bit of the
        -:   28: * byte.  The array grows on demand via realloc.
        -:   29: */
        -:   30:struct zenit_bitset_t {
        -:   31:    unsigned char *bits;      /**< Contiguous byte storage for bits */
        -:   32:    size_t num_bytes;         /**< Number of bytes currently allocated */
        -:   33:    size_t num_bits;          /**< Number of usable bits (may be less than num_bytes*8) */
        -:   34:    zenit_allocator_t allocator; /**< Memory allocator */
        -:   35:};
        -:   36:
        -:   37:/* Growth factor for auto-resize — double the current capacity */
        -:   38:#define BITSET_GROWTH_FACTOR(cap) ((cap) * 2)
        -:   39:
        -:   40:/**
        -:   41: * @brief Return the number of bytes needed to store @p bit_count bits.
        -:   42: */
       29:   43:static inline size_t bytes_needed(size_t bit_count) {
       29:   44:    return (bit_count + 7) / 8;
        -:   45:}
        -:   46:
        -:   47:/**
        -:   48: * @brief Auto-resize the bitset to accommodate a position.
        -:   49: *
        -:   50: * If @p required_pos is greater than or equal to num_bits, the bitset is
        -:   51: * grown to at least @p required_pos + 1 bits.  Grows by a factor of 2x
        -:   52: * to amortise reallocation.
        -:   53: *
        -:   54: * @return ZENIT_RESULT_OK or ZENIT_ERROR_ALLOC.
        -:   55: */
   150036:   56:static zenit_result_t ensure_capacity(zenit_bitset_t* bs, size_t required_pos) {
        -:   57:    /* Calculate how many bits are needed */
   150036:   58:    size_t needed = required_pos + 1;
        -:   59:
        -:   60:    /* No resize needed if we already have room */
   150036:   61:    if (needed <= bs->num_bits) {
   150032:   62:        return ZENIT_RESULT_OK;
        -:   63:    }
        -:   64:
        -:   65:    /* Compute the new bit capacity — at least 2x current, or needed if bigger */
        4:   66:    size_t new_cap = bs->num_bits;
       30:   67:    while (new_cap < needed) {
       26:   68:        if (new_cap == 0) {
    #####:   69:            new_cap = 64; /* Start with a minimum of 64 bits */
        -:   70:        } else {
       26:   71:            new_cap = BITSET_GROWTH_FACTOR(new_cap);
        -:   72:        }
        -:   73:    }
        -:   74:
        4:   75:    return zenit_bitset_resize(bs, new_cap);
        -:   76:}
        -:   77:
       20:   78:zenit_bitset_t* zenit_bitset_create(size_t num_bits) {
       20:   79:    return zenit_bitset_create_with_allocator(num_bits, ZENIT_ALLOCATOR_DEFAULT);
        -:   80:}
        -:   81:
       20:   82:zenit_bitset_t* zenit_bitset_create_with_allocator(size_t num_bits, zenit_allocator_t allocator) {
        -:   83:    /* Allocate the handle using the custom allocator */
       20:   84:    zenit_bitset_t* bs = allocator.alloc_fn(sizeof(zenit_bitset_t), allocator.ctx);
       20:   85:    if (bs == NULL) {
    #####:   86:        return NULL;
        -:   87:    }
        -:   88:
        -:   89:    /* Store the allocator early so failure paths can free correctly */
       20:   90:    bs->allocator = allocator;
        -:   91:
        -:   92:    /* Compute byte count and allocate the bit storage */
       20:   93:    size_t nb = bytes_needed(num_bits);
       20:   94:    bs->bits = zenit_allocator_alloc_zero(allocator, 1, nb);
      20*:   95:    if (bs->bits == NULL && nb > 0) {
    #####:   96:        allocator.free_fn(bs, allocator.ctx);
    #####:   97:        return NULL;
        -:   98:    }
        -:   99:
       20:  100:    bs->num_bytes = nb;
       20:  101:    bs->num_bits = num_bits;
        -:  102:
       20:  103:    return bs;
        -:  104:}
        -:  105:
       21:  106:void zenit_bitset_destroy(zenit_bitset_t* bs) {
       21:  107:    if (bs == NULL) {
        1:  108:        return;
        -:  109:    }
       20:  110:    zenit_allocator_t a = bs->allocator;
       20:  111:    a.free_fn(bs->bits, a.ctx);
       20:  112:    a.free_fn(bs, a.ctx);
        -:  113:}
        -:  114:
   150027:  115:zenit_result_t zenit_bitset_set(zenit_bitset_t* bs, size_t pos) {
   150027:  116:    if (bs == NULL) {
        1:  117:        return ZENIT_RESULT_ERROR(ZENIT_ERROR_NULL);
        -:  118:    }
        -:  119:
        -:  120:    /* Grow if needed */
   150026:  121:    zenit_result_t r = ensure_capacity(bs, pos);
   150026:  122:    if (r.error != ZENIT_OK) {
    #####:  123:        return r;
        -:  124:    }
        -:  125:
        -:  126:    /* Compute byte index and bit mask, then set */
   150026:  127:    size_t byte = pos / 8;
   150026:  128:    unsigned char bit = (unsigned char)(pos % 8);
   150026:  129:    bs->bits[byte] |= (unsigned char)(1u << bit);
        -:  130:
   150026:  131:    return ZENIT_RESULT_OK;
        -:  132:}
        -:  133:
        6:  134:zenit_result_t zenit_bitset_clear(zenit_bitset_t* bs, size_t pos) {
        6:  135:    if (bs == NULL) {
        1:  136:        return ZENIT_RESULT_ERROR(ZENIT_ERROR_NULL);
        -:  137:    }
        -:  138:
        -:  139:    /* Grow if needed */
        5:  140:    zenit_result_t r = ensure_capacity(bs, pos);
        5:  141:    if (r.error != ZENIT_OK) {
    #####:  142:        return r;
        -:  143:    }
        -:  144:
        -:  145:    /* Compute byte index and bit mask, then clear */
        5:  146:    size_t byte = pos / 8;
        5:  147:    unsigned char bit = (unsigned char)(pos % 8);
        5:  148:    bs->bits[byte] &= (unsigned char)~(1u << bit);
        -:  149:
        5:  150:    return ZENIT_RESULT_OK;
        -:  151:}
        -:  152:
        6:  153:zenit_result_t zenit_bitset_toggle(zenit_bitset_t* bs, size_t pos) {
        6:  154:    if (bs == NULL) {
        1:  155:        return ZENIT_RESULT_ERROR(ZENIT_ERROR_NULL);
        -:  156:    }
        -:  157:
        -:  158:    /* Grow if needed */
        5:  159:    zenit_result_t r = ensure_capacity(bs, pos);
        5:  160:    if (r.error != ZENIT_OK) {
    #####:  161:        return r;
        -:  162:    }
        -:  163:
        -:  164:    /* Compute byte index and bit mask, then toggle */
        5:  165:    size_t byte = pos / 8;
        5:  166:    unsigned char bit = (unsigned char)(pos % 8);
        5:  167:    bs->bits[byte] ^= (unsigned char)(1u << bit);
        -:  168:
        5:  169:    return ZENIT_RESULT_OK;
        -:  170:}
        -:  171:
   100252:  172:int zenit_bitset_test(const zenit_bitset_t* bs, size_t pos) {
   100252:  173:    if (bs == NULL) {
        1:  174:        return 0;
        -:  175:    }
   100251:  176:    if (pos >= bs->num_bits) {
        2:  177:        return 0;
        -:  178:    }
        -:  179:
        -:  180:    /* Compute byte index and bit mask, then extract */
   100249:  181:    size_t byte = pos / 8;
   100249:  182:    unsigned char bit = (unsigned char)(pos % 8);
   100249:  183:    return (bs->bits[byte] >> bit) & 1u;
        -:  184:}
        -:  185:
        4:  186:zenit_result_t zenit_bitset_set_all(zenit_bitset_t* bs) {
        4:  187:    if (bs == NULL) {
        1:  188:        return ZENIT_RESULT_ERROR(ZENIT_ERROR_NULL);
        -:  189:    }
        -:  190:
        -:  191:    /* Set every byte to 0xFF — all bits become 1 */
        3:  192:    if (bs->num_bytes > 0) {
        3:  193:        memset(bs->bits, 0xFF, bs->num_bytes);
        -:  194:    }
        -:  195:
        3:  196:    return ZENIT_RESULT_OK;
        -:  197:}
        -:  198:
        2:  199:zenit_result_t zenit_bitset_clear_all(zenit_bitset_t* bs) {
        2:  200:    if (bs == NULL) {
        1:  201:        return ZENIT_RESULT_ERROR(ZENIT_ERROR_NULL);
        -:  202:    }
        -:  203:
        -:  204:    /* Clear every byte to 0x00 — all bits become 0 */
        1:  205:    if (bs->num_bytes > 0) {
        1:  206:        memset(bs->bits, 0x00, bs->num_bytes);
        -:  207:    }
        -:  208:
        1:  209:    return ZENIT_RESULT_OK;
        -:  210:}
        -:  211:
   100013:  212:size_t zenit_bitset_count(const zenit_bitset_t* bs) {
   100013:  213:    if (bs == NULL) {
        1:  214:        return 0;
        -:  215:    }
        -:  216:
   100012:  217:    size_t count = 0;
        -:  218:
        -:  219:    /* Iterate over every byte and accumulate the population count */
1250114636:  220:    for (size_t i = 0; i < bs->num_bytes; i++) {
1250014624:  221:        unsigned char byte = bs->bits[i];
        -:  222:
        -:  223:#if defined(__GNUC__) || defined(__clang__)
        -:  224:        /* Use the compiler builtin where available — single instruction */
1250014624:  225:        count += (size_t)__builtin_popcount((unsigned int)byte);
        -:  226:#else
        -:  227:        /* Fallback: Brian Kernighan's algorithm */
        -:  228:        while (byte != 0) {
        -:  229:            byte &= (unsigned char)(byte - 1);
        -:  230:            count++;
        -:  231:        }
        -:  232:#endif
        -:  233:    }
        -:  234:
   100012:  235:    return count;
        -:  236:}
        -:  237:
       11:  238:size_t zenit_bitset_capacity(const zenit_bitset_t* bs) {
       11:  239:    if (bs == NULL) {
        1:  240:        return 0;
        -:  241:    }
       10:  242:    return bs->num_bits;
        -:  243:}
        -:  244:
       10:  245:zenit_result_t zenit_bitset_resize(zenit_bitset_t* bs, size_t num_bits) {
       10:  246:    if (bs == NULL) {
        1:  247:        return ZENIT_RESULT_ERROR(ZENIT_ERROR_NULL);
        -:  248:    }
        -:  249:
        9:  250:    size_t new_bytes = bytes_needed(num_bits);
        -:  251:
        -:  252:    /* If new_bytes is 0, free the buffer */
        9:  253:    if (new_bytes == 0) {
        1:  254:        zenit_allocator_t a = bs->allocator;
        1:  255:        a.free_fn(bs->bits, a.ctx);
        1:  256:        bs->bits = NULL;
        1:  257:        bs->num_bytes = 0;
        1:  258:        bs->num_bits = 0;
        1:  259:        return ZENIT_RESULT_OK;
        -:  260:    }
        -:  261:
        -:  262:    /* Reallocate the byte array */
        8:  263:    zenit_allocator_t a = bs->allocator;
        8:  264:    unsigned char *new_bits = zenit_allocator_realloc(a, bs->bits, bs->num_bytes, new_bytes);
        8:  265:    if (new_bits == NULL) {
    #####:  266:        return ZENIT_RESULT_ERROR(ZENIT_ERROR_ALLOC);
        -:  267:    }
        -:  268:
        -:  269:    /* Zero-initialise the newly allocated bytes (if growing) */
        8:  270:    if (new_bytes > bs->num_bytes) {
        7:  271:        memset(new_bits + bs->num_bytes, 0, new_bytes - bs->num_bytes);
        -:  272:    }
        -:  273:
        8:  274:    bs->bits = new_bits;
        8:  275:    bs->num_bytes = new_bytes;
        8:  276:    bs->num_bits = num_bits;
        -:  277:
        8:  278:    return ZENIT_RESULT_OK;
        -:  279:}
